xposed/build/intermediates/manifest_merge_blame_file/debug/processDebugMainManifest/manifest-merger-blame-debug-report.txt
1<?xml version="1.0" encoding="utf-8"?>
2<manifest xmlns:android="http://schemas.android.com/apk/res/android"
3    package="com.Maythayus1Corp.nfccardemulatorrootfree.xposed"
4    android:versionCode="1"
5    android:versionName="1.0" >
6
7    <uses-sdk
8        android:minSdkVersion="26"
9        android:targetSdkVersion="36" />
10
11    <application
11-->src\main\AndroidManifest.xml:3:5-7:19
12        android:debuggable="true"
13        android:exported="false"
13-->src\main\AndroidManifest.xml:3:45-69
14        android:extractNativeLibs="false"
15        android:label="NFC Xposed" >
15-->src\main\AndroidManifest.xml:3:18-44
16        <meta-data
16-->src\main\AndroidManifest.xml:4:9-71
17            android:name="xposedmodule"
17-->src\main\AndroidManifest.xml:4:20-47
18            android:value="true" />
18-->src\main\AndroidManifest.xml:4:48-68
19        <meta-data
19-->src\main\AndroidManifest.xml:5:9-73
20            android:name="xposedminversion"
20-->src\main\AndroidManifest.xml:5:20-51
21            android:value="54" />
21-->src\main\AndroidManifest.xml:5:52-70
22        <meta-data
22-->src\main\AndroidManifest.xml:6:9-92
23            android:name="xposeddescription"
23-->src\main\AndroidManifest.xml:6:20-52
24            android:value="NFC diagnostic hooks" />
24-->src\main\AndroidManifest.xml:6:53-89
25    </application>
26
27</manifest>